[2026-04-30T16:50:52+00:00] START DungeonFloor_Bones_A
[2026-04-30T16:53:49+00:00] DONE DungeonFloor_Bones_A 3885920 bytes duration=177s -> /workspace/T66/ModelGeneration/Runs/Environment/CoherentThemeKit01/Raw/Trellis/DungeonFloor_Bones_A_S1337_D80000_Trellis2.glb
[2026-04-30T16:53:49+00:00] START DungeonFloor_Cracked_A
[2026-04-30T17:00:36+00:00] DONE DungeonFloor_Cracked_A 4506132 bytes duration=407s -> /workspace/T66/ModelGeneration/Runs/Environment/CoherentThemeKit01/Raw/Trellis/DungeonFloor_Cracked_A_S1337_D80000_Trellis2.glb
[2026-04-30T17:00:36+00:00] START DungeonFloor_Drain_A
[2026-04-30T17:02:42+00:00] DONE DungeonFloor_Drain_A 3708284 bytes duration=126s -> /workspace/T66/ModelGeneration/Runs/Environment/CoherentThemeKit01/Raw/Trellis/DungeonFloor_Drain_A_S1337_D80000_Trellis2.glb
[2026-04-30T17:02:42+00:00] START DungeonFloor_StoneSlabs_A
[2026-04-30T17:06:41+00:00] DONE DungeonFloor_StoneSlabs_A 4253460 bytes duration=239s -> /workspace/T66/ModelGeneration/Runs/Environment/CoherentThemeKit01/Raw/Trellis/DungeonFloor_StoneSlabs_A_S1337_D80000_Trellis2.glb
[2026-04-30T17:06:41+00:00] START DungeonWall_BonesNiche_A
[2026-04-30T17:12:10+00:00] DONE DungeonWall_BonesNiche_A 3972596 bytes duration=329s -> /workspace/T66/ModelGeneration/Runs/Environment/CoherentThemeKit01/Raw/Trellis/DungeonWall_BonesNiche_A_S1337_D80000_Trellis2.glb
[2026-04-30T17:12:10+00:00] START DungeonWall_Chains_A
[2026-04-30T17:15:38+00:00] DONE DungeonWall_Chains_A 4808320 bytes duration=208s -> /workspace/T66/ModelGeneration/Runs/Environment/CoherentThemeKit01/Raw/Trellis/DungeonWall_Chains_A_S1337_D80000_Trellis2.glb
[2026-04-30T17:15:38+00:00] START DungeonWall_StoneBlocks_A
[2026-04-30T17:18:44+00:00] DONE DungeonWall_StoneBlocks_A 3695620 bytes duration=186s -> /workspace/T66/ModelGeneration/Runs/Environment/CoherentThemeKit01/Raw/Trellis/DungeonWall_StoneBlocks_A_S1337_D80000_Trellis2.glb
[2026-04-30T17:18:44+00:00] START DungeonWall_TorchSconce_A
[2026-04-30T17:22:11+00:00] DONE DungeonWall_TorchSconce_A 4206984 bytes duration=207s -> /workspace/T66/ModelGeneration/Runs/Environment/CoherentThemeKit01/Raw/Trellis/DungeonWall_TorchSconce_A_S1337_D80000_Trellis2.glb
[2026-04-30T17:22:11+00:00] START ForestFloor_BrambleEdge_A
[2026-04-30T17:23:47+00:00] DONE ForestFloor_BrambleEdge_A 4570288 bytes duration=96s -> /workspace/T66/ModelGeneration/Runs/Environment/CoherentThemeKit01/Raw/Trellis/ForestFloor_BrambleEdge_A_S1337_D80000_Trellis2.glb
[2026-04-30T17:23:47+00:00] START ForestFloor_LeafCrack_A
[2026-04-30T17:25:37+00:00] DONE ForestFloor_LeafCrack_A 4290820 bytes duration=110s -> /workspace/T66/ModelGeneration/Runs/Environment/CoherentThemeKit01/Raw/Trellis/ForestFloor_LeafCrack_A_S1337_D80000_Trellis2.glb
[2026-04-30T17:25:37+00:00] START ForestFloor_MossStone_A
[2026-04-30T17:27:16+00:00] DONE ForestFloor_MossStone_A 4598292 bytes duration=99s -> /workspace/T66/ModelGeneration/Runs/Environment/CoherentThemeKit01/Raw/Trellis/ForestFloor_MossStone_A_S1337_D80000_Trellis2.glb
[2026-04-30T17:27:16+00:00] START ForestFloor_RootMat_A
[2026-04-30T17:28:28+00:00] DONE ForestFloor_RootMat_A 4451360 bytes duration=72s -> /workspace/T66/ModelGeneration/Runs/Environment/CoherentThemeKit01/Raw/Trellis/ForestFloor_RootMat_A_S1337_D80000_Trellis2.glb
[2026-04-30T17:28:28+00:00] START ForestWall_MushroomBark_A
[2026-04-30T17:30:29+00:00] DONE ForestWall_MushroomBark_A 5844524 bytes duration=121s -> /workspace/T66/ModelGeneration/Runs/Environment/CoherentThemeKit01/Raw/Trellis/ForestWall_MushroomBark_A_S1337_D80000_Trellis2.glb
[2026-04-30T17:30:29+00:00] START ForestWall_RootBraid_A
[2026-04-30T17:34:08+00:00] DONE ForestWall_RootBraid_A 4300852 bytes duration=219s -> /workspace/T66/ModelGeneration/Runs/Environment/CoherentThemeKit01/Raw/Trellis/ForestWall_RootBraid_A_S1337_D80000_Trellis2.glb
[2026-04-30T17:34:08+00:00] START ForestWall_TrunkWeave_A
[2026-04-30T17:36:12+00:00] DONE ForestWall_TrunkWeave_A 3989624 bytes duration=124s -> /workspace/T66/ModelGeneration/Runs/Environment/CoherentThemeKit01/Raw/Trellis/ForestWall_TrunkWeave_A_S1337_D80000_Trellis2.glb
[2026-04-30T17:36:12+00:00] START ForestWall_VineTotem_A
[2026-04-30T17:37:51+00:00] DONE ForestWall_VineTotem_A 4565236 bytes duration=99s -> /workspace/T66/ModelGeneration/Runs/Environment/CoherentThemeKit01/Raw/Trellis/ForestWall_VineTotem_A_S1337_D80000_Trellis2.glb
[2026-04-30T17:37:51+00:00] START HellFloor_BoneAsh_A
[2026-04-30T17:39:05+00:00] DONE HellFloor_BoneAsh_A 4811888 bytes duration=74s -> /workspace/T66/ModelGeneration/Runs/Environment/CoherentThemeKit01/Raw/Trellis/HellFloor_BoneAsh_A_S1337_D80000_Trellis2.glb
[2026-04-30T17:39:06+00:00] START HellFloor_EmberFissure_A
[2026-04-30T17:41:24+00:00] DONE HellFloor_EmberFissure_A 4377172 bytes duration=138s -> /workspace/T66/ModelGeneration/Runs/Environment/CoherentThemeKit01/Raw/Trellis/HellFloor_EmberFissure_A_S1337_D80000_Trellis2.glb
[2026-04-30T17:41:24+00:00] START HellFloor_Obsidian_A
[2026-04-30T17:44:59+00:00] DONE HellFloor_Obsidian_A 5191528 bytes duration=215s -> /workspace/T66/ModelGeneration/Runs/Environment/CoherentThemeKit01/Raw/Trellis/HellFloor_Obsidian_A_S1337_D80000_Trellis2.glb
[2026-04-30T17:44:59+00:00] START HellFloor_RunePlate_A
[2026-04-30T17:47:46+00:00] DONE HellFloor_RunePlate_A 4888628 bytes duration=167s -> /workspace/T66/ModelGeneration/Runs/Environment/CoherentThemeKit01/Raw/Trellis/HellFloor_RunePlate_A_S1337_D80000_Trellis2.glb
[2026-04-30T17:47:46+00:00] START HellWall_Brimstone_A
[2026-04-30T17:51:57+00:00] DONE HellWall_Brimstone_A 4340736 bytes duration=251s -> /workspace/T66/ModelGeneration/Runs/Environment/CoherentThemeKit01/Raw/Trellis/HellWall_Brimstone_A_S1337_D80000_Trellis2.glb
[2026-04-30T17:51:57+00:00] START HellWall_ChainsSkulls_A
[2026-04-30T17:53:34+00:00] DONE HellWall_ChainsSkulls_A 3859924 bytes duration=97s -> /workspace/T66/ModelGeneration/Runs/Environment/CoherentThemeKit01/Raw/Trellis/HellWall_ChainsSkulls_A_S1337_D80000_Trellis2.glb
[2026-04-30T17:53:34+00:00] START HellWall_LavaCrack_A
[2026-04-30T17:58:00+00:00] DONE HellWall_LavaCrack_A 4306676 bytes duration=266s -> /workspace/T66/ModelGeneration/Runs/Environment/CoherentThemeKit01/Raw/Trellis/HellWall_LavaCrack_A_S1337_D80000_Trellis2.glb
[2026-04-30T17:58:00+00:00] START HellWall_SpikeBasalt_A
[2026-04-30T17:59:33+00:00] DONE HellWall_SpikeBasalt_A 4038356 bytes duration=93s -> /workspace/T66/ModelGeneration/Runs/Environment/CoherentThemeKit01/Raw/Trellis/HellWall_SpikeBasalt_A_S1337_D80000_Trellis2.glb
[2026-04-30T17:59:33+00:00] START MartianFloor_CraterCracks_A
[2026-04-30T18:02:17+00:00] DONE MartianFloor_CraterCracks_A 4777096 bytes duration=164s -> /workspace/T66/ModelGeneration/Runs/Environment/CoherentThemeKit01/Raw/Trellis/MartianFloor_CraterCracks_A_S1337_D80000_Trellis2.glb
[2026-04-30T18:02:17+00:00] START MartianFloor_CrystalDust_A
[2026-04-30T18:03:53+00:00] DONE MartianFloor_CrystalDust_A 4622564 bytes duration=96s -> /workspace/T66/ModelGeneration/Runs/Environment/CoherentThemeKit01/Raw/Trellis/MartianFloor_CrystalDust_A_S1337_D80000_Trellis2.glb
[2026-04-30T18:03:53+00:00] START MartianFloor_RegolithPlates_A
[2026-04-30T18:06:45+00:00] DONE MartianFloor_RegolithPlates_A 4600572 bytes duration=172s -> /workspace/T66/ModelGeneration/Runs/Environment/CoherentThemeKit01/Raw/Trellis/MartianFloor_RegolithPlates_A_S1337_D80000_Trellis2.glb
[2026-04-30T18:06:45+00:00] START MartianFloor_RuinTile_A
[2026-04-30T18:09:58+00:00] DONE MartianFloor_RuinTile_A 5354480 bytes duration=193s -> /workspace/T66/ModelGeneration/Runs/Environment/CoherentThemeKit01/Raw/Trellis/MartianFloor_RuinTile_A_S1337_D80000_Trellis2.glb
[2026-04-30T18:09:58+00:00] START MartianWall_CrystalVein_A
[2026-04-30T18:11:18+00:00] DONE MartianWall_CrystalVein_A 4272512 bytes duration=80s -> /workspace/T66/ModelGeneration/Runs/Environment/CoherentThemeKit01/Raw/Trellis/MartianWall_CrystalVein_A_S1337_D80000_Trellis2.glb
[2026-04-30T18:11:18+00:00] START MartianWall_MeteorScar_A
[2026-04-30T18:15:09+00:00] DONE MartianWall_MeteorScar_A 3967388 bytes duration=231s -> /workspace/T66/ModelGeneration/Runs/Environment/CoherentThemeKit01/Raw/Trellis/MartianWall_MeteorScar_A_S1337_D80000_Trellis2.glb
[2026-04-30T18:15:09+00:00] START MartianWall_RedRock_A
[2026-04-30T18:16:25+00:00] DONE MartianWall_RedRock_A 3591848 bytes duration=76s -> /workspace/T66/ModelGeneration/Runs/Environment/CoherentThemeKit01/Raw/Trellis/MartianWall_RedRock_A_S1337_D80000_Trellis2.glb
[2026-04-30T18:16:25+00:00] START MartianWall_RuinPanel_A
[2026-04-30T18:17:42+00:00] DONE MartianWall_RuinPanel_A 4057172 bytes duration=77s -> /workspace/T66/ModelGeneration/Runs/Environment/CoherentThemeKit01/Raw/Trellis/MartianWall_RuinPanel_A_S1337_D80000_Trellis2.glb
