[2026-04-30T21:15:59+00:00] START DungeonFloor_StoneSlabs_A
[2026-04-30T21:17:26+00:00] DONE DungeonFloor_StoneSlabs_A 3787136 bytes duration=87s -> /workspace/T66/ModelGeneration/Runs/Environment/CoherentThemeKit01/Raw/TrellisFloorFix01/DungeonFloor_StoneSlabs_A_FloorFix01_S1337_D80000_Trellis2.glb
[2026-04-30T21:17:26+00:00] START DungeonFloor_Drain_A
[2026-04-30T21:19:13+00:00] DONE DungeonFloor_Drain_A 3811988 bytes duration=107s -> /workspace/T66/ModelGeneration/Runs/Environment/CoherentThemeKit01/Raw/TrellisFloorFix01/DungeonFloor_Drain_A_FloorFix01_S1337_D80000_Trellis2.glb
[2026-04-30T21:19:13+00:00] START DungeonFloor_Cracked_A
[2026-04-30T21:20:47+00:00] DONE DungeonFloor_Cracked_A 3295080 bytes duration=94s -> /workspace/T66/ModelGeneration/Runs/Environment/CoherentThemeKit01/Raw/TrellisFloorFix01/DungeonFloor_Cracked_A_FloorFix01_S1337_D80000_Trellis2.glb
[2026-04-30T21:20:47+00:00] START DungeonFloor_Bones_A
[2026-04-30T21:22:54+00:00] DONE DungeonFloor_Bones_A 3941860 bytes duration=127s -> /workspace/T66/ModelGeneration/Runs/Environment/CoherentThemeKit01/Raw/TrellisFloorFix01/DungeonFloor_Bones_A_FloorFix01_S1337_D80000_Trellis2.glb
[2026-04-30T21:22:54+00:00] START ForestFloor_RootMat_A
[2026-04-30T21:24:25+00:00] DONE ForestFloor_RootMat_A 3663956 bytes duration=91s -> /workspace/T66/ModelGeneration/Runs/Environment/CoherentThemeKit01/Raw/TrellisFloorFix01/ForestFloor_RootMat_A_FloorFix01_S1337_D80000_Trellis2.glb
[2026-04-30T21:24:25+00:00] START ForestFloor_MossStone_A
[2026-04-30T21:25:55+00:00] DONE ForestFloor_MossStone_A 4640312 bytes duration=90s -> /workspace/T66/ModelGeneration/Runs/Environment/CoherentThemeKit01/Raw/TrellisFloorFix01/ForestFloor_MossStone_A_FloorFix01_S1337_D80000_Trellis2.glb
[2026-04-30T21:25:55+00:00] START ForestFloor_LeafCrack_A
[2026-04-30T21:27:39+00:00] DONE ForestFloor_LeafCrack_A 4909484 bytes duration=103s -> /workspace/T66/ModelGeneration/Runs/Environment/CoherentThemeKit01/Raw/TrellisFloorFix01/ForestFloor_LeafCrack_A_FloorFix01_S1337_D80000_Trellis2.glb
[2026-04-30T21:27:39+00:00] START ForestFloor_BrambleEdge_A
[2026-04-30T21:29:18+00:00] DONE ForestFloor_BrambleEdge_A 3593360 bytes duration=99s -> /workspace/T66/ModelGeneration/Runs/Environment/CoherentThemeKit01/Raw/TrellisFloorFix01/ForestFloor_BrambleEdge_A_FloorFix01_S1337_D80000_Trellis2.glb
[2026-04-30T21:29:18+00:00] START OceanFloor_ReefStone_A
[2026-04-30T21:30:55+00:00] DONE OceanFloor_ReefStone_A 3925280 bytes duration=97s -> /workspace/T66/ModelGeneration/Runs/Environment/CoherentThemeKit01/Raw/TrellisFloorFix01/OceanFloor_ReefStone_A_FloorFix01_S1337_D80000_Trellis2.glb
[2026-04-30T21:30:55+00:00] START OceanFloor_ShellSand_A
[2026-04-30T21:32:17+00:00] DONE OceanFloor_ShellSand_A 4280668 bytes duration=82s -> /workspace/T66/ModelGeneration/Runs/Environment/CoherentThemeKit01/Raw/TrellisFloorFix01/OceanFloor_ShellSand_A_FloorFix01_S1337_D80000_Trellis2.glb
[2026-04-30T21:32:17+00:00] START OceanFloor_CoralCrack_A
[2026-04-30T21:33:33+00:00] DONE OceanFloor_CoralCrack_A 4217976 bytes duration=76s -> /workspace/T66/ModelGeneration/Runs/Environment/CoherentThemeKit01/Raw/TrellisFloorFix01/OceanFloor_CoralCrack_A_FloorFix01_S1337_D80000_Trellis2.glb
[2026-04-30T21:33:33+00:00] START OceanFloor_TidePool_A
[2026-04-30T21:34:59+00:00] DONE OceanFloor_TidePool_A 4691560 bytes duration=86s -> /workspace/T66/ModelGeneration/Runs/Environment/CoherentThemeKit01/Raw/TrellisFloorFix01/OceanFloor_TidePool_A_FloorFix01_S1337_D80000_Trellis2.glb
[2026-04-30T21:34:59+00:00] START MartianFloor_RuinTile_A
[2026-04-30T21:36:46+00:00] DONE MartianFloor_RuinTile_A 4893108 bytes duration=107s -> /workspace/T66/ModelGeneration/Runs/Environment/CoherentThemeKit01/Raw/TrellisFloorFix01/MartianFloor_RuinTile_A_FloorFix01_S1337_D80000_Trellis2.glb
[2026-04-30T21:36:46+00:00] START MartianFloor_RegolithPlates_A
[2026-04-30T21:38:03+00:00] DONE MartianFloor_RegolithPlates_A 3845360 bytes duration=77s -> /workspace/T66/ModelGeneration/Runs/Environment/CoherentThemeKit01/Raw/TrellisFloorFix01/MartianFloor_RegolithPlates_A_FloorFix01_S1337_D80000_Trellis2.glb
[2026-04-30T21:38:03+00:00] START MartianFloor_CrystalDust_A
[2026-04-30T21:39:23+00:00] DONE MartianFloor_CrystalDust_A 3062112 bytes duration=80s -> /workspace/T66/ModelGeneration/Runs/Environment/CoherentThemeKit01/Raw/TrellisFloorFix01/MartianFloor_CrystalDust_A_FloorFix01_S1337_D80000_Trellis2.glb
[2026-04-30T21:39:23+00:00] START MartianFloor_CraterCracks_A
[2026-04-30T21:40:53+00:00] DONE MartianFloor_CraterCracks_A 3656532 bytes duration=90s -> /workspace/T66/ModelGeneration/Runs/Environment/CoherentThemeKit01/Raw/TrellisFloorFix01/MartianFloor_CraterCracks_A_FloorFix01_S1337_D80000_Trellis2.glb
[2026-04-30T21:40:53+00:00] START HellFloor_RunePlate_A
[2026-04-30T21:44:14+00:00] DONE HellFloor_RunePlate_A 3421308 bytes duration=201s -> /workspace/T66/ModelGeneration/Runs/Environment/CoherentThemeKit01/Raw/TrellisFloorFix01/HellFloor_RunePlate_A_FloorFix01_S1337_D80000_Trellis2.glb
[2026-04-30T21:44:14+00:00] START HellFloor_Obsidian_A
[2026-04-30T21:49:45+00:00] DONE HellFloor_Obsidian_A 4163936 bytes duration=331s -> /workspace/T66/ModelGeneration/Runs/Environment/CoherentThemeKit01/Raw/TrellisFloorFix01/HellFloor_Obsidian_A_FloorFix01_S1337_D80000_Trellis2.glb
[2026-04-30T21:49:45+00:00] START HellFloor_EmberFissure_A
[2026-04-30T21:53:05+00:00] DONE HellFloor_EmberFissure_A 3271184 bytes duration=200s -> /workspace/T66/ModelGeneration/Runs/Environment/CoherentThemeKit01/Raw/TrellisFloorFix01/HellFloor_EmberFissure_A_FloorFix01_S1337_D80000_Trellis2.glb
[2026-04-30T21:53:05+00:00] START HellFloor_BoneAsh_A
[2026-04-30T21:54:24+00:00] DONE HellFloor_BoneAsh_A 5241952 bytes duration=79s -> /workspace/T66/ModelGeneration/Runs/Environment/CoherentThemeKit01/Raw/TrellisFloorFix01/HellFloor_BoneAsh_A_FloorFix01_S1337_D80000_Trellis2.glb
