START Hero_7_Robo_TypeA_BeachGoer_BodyOnly_Green.png seed=766494
DONE Hero_7_Robo_TypeA_BeachGoer_BodyOnly_Green.png
START Hero_7_Robo_TypeA_BeachGoer_WeaponOnly_Green.png seed=582170
DONE Hero_7_Robo_TypeA_BeachGoer_WeaponOnly_Green.png
START Hero_8_Billy_TypeA_Standard_BodyOnly_Green.png seed=359185
DONE Hero_8_Billy_TypeA_Standard_BodyOnly_Green.png
START Hero_8_Billy_TypeA_Standard_HeadOnly_Green.png seed=563797
DONE Hero_8_Billy_TypeA_Standard_HeadOnly_Green.png
START Hero_8_Billy_TypeA_Standard_WeaponOnly_Green.png seed=22669
DONE Hero_8_Billy_TypeA_Standard_WeaponOnly_Green.png
START Hero_8_Billy_TypeA_BeachGoer_BodyOnly_Green.png seed=700575
DONE Hero_8_Billy_TypeA_BeachGoer_BodyOnly_Green.png
START Hero_8_Billy_TypeA_BeachGoer_WeaponOnly_Green.png seed=796379
DONE Hero_8_Billy_TypeA_BeachGoer_WeaponOnly_Green.png
START Hero_9_Rabbit_TypeA_Standard_BodyOnly_Green.png seed=981714
DONE Hero_9_Rabbit_TypeA_Standard_BodyOnly_Green.png
START Hero_9_Rabbit_TypeA_Standard_HeadOnly_Green.png seed=186326
DONE Hero_9_Rabbit_TypeA_Standard_HeadOnly_Green.png
START Hero_9_Rabbit_TypeA_Standard_WeaponOnly_Green.png seed=956750
DONE Hero_9_Rabbit_TypeA_Standard_WeaponOnly_Green.png
START Hero_9_Rabbit_TypeA_BeachGoer_BodyOnly_Green.png seed=634656
DONE Hero_9_Rabbit_TypeA_BeachGoer_BodyOnly_Green.png
START Hero_9_Rabbit_TypeA_BeachGoer_WeaponOnly_Green.png seed=10588
START Hero_9_Rabbit_TypeA_BeachGoer_WeaponOnly_Green.png seed=10588
DONE Hero_9_Rabbit_TypeA_BeachGoer_WeaponOnly_Green.png
START Hero_11_Shroud_TypeA_Standard_BodyOnly_Green.png seed=810331
DONE Hero_9_Rabbit_TypeA_BeachGoer_WeaponOnly_Green.png
START Hero_11_Shroud_TypeA_Standard_BodyOnly_Green.png seed=810331
DONE Hero_11_Shroud_TypeA_Standard_BodyOnly_Green.png
START Hero_11_Shroud_TypeA_Standard_HeadOnly_Green.png seed=14943
DONE Hero_11_Shroud_TypeA_Standard_BodyOnly_Green.png
START Hero_11_Shroud_TypeA_Standard_HeadOnly_Green.png seed=14943
DONE Hero_11_Shroud_TypeA_Standard_HeadOnly_Green.png
START Hero_11_Shroud_TypeA_Standard_WeaponOnly_Green.png seed=320663
DONE Hero_11_Shroud_TypeA_Standard_HeadOnly_Green.png
START Hero_11_Shroud_TypeA_Standard_WeaponOnly_Green.png seed=320663
DONE Hero_11_Shroud_TypeA_Standard_WeaponOnly_Green.png
START Hero_11_Shroud_TypeA_BeachGoer_BodyOnly_Green.png seed=998569
DONE Hero_11_Shroud_TypeA_Standard_WeaponOnly_Green.png
START Hero_11_Shroud_TypeA_BeachGoer_BodyOnly_Green.png seed=998569
DONE Hero_11_Shroud_TypeA_BeachGoer_BodyOnly_Green.png
START Hero_11_Shroud_TypeA_BeachGoer_WeaponOnly_Green.png seed=311845
DONE Hero_11_Shroud_TypeA_BeachGoer_BodyOnly_Green.png
START Hero_11_Shroud_TypeA_BeachGoer_WeaponOnly_Green.png seed=311845
DONE Hero_11_Shroud_TypeA_BeachGoer_WeaponOnly_Green.png
START Hero_12_xQc_TypeA_Standard_BodyOnly_Green.png seed=432860
DONE Hero_11_Shroud_TypeA_BeachGoer_WeaponOnly_Green.png
START Hero_12_xQc_TypeA_Standard_BodyOnly_Green.png seed=432860
DONE Hero_12_xQc_TypeA_Standard_BodyOnly_Green.png
START Hero_12_xQc_TypeA_Standard_HeadOnly_Green.png seed=637472
DONE Hero_12_xQc_TypeA_Standard_BodyOnly_Green.png
START Hero_12_xQc_TypeA_Standard_HeadOnly_Green.png seed=637472
DONE Hero_12_xQc_TypeA_Standard_HeadOnly_Green.png
START Hero_12_xQc_TypeA_Standard_WeaponOnly_Green.png seed=254744
DONE Hero_12_xQc_TypeA_Standard_HeadOnly_Green.png
START Hero_12_xQc_TypeA_Standard_WeaponOnly_Green.png seed=254744
DONE Hero_12_xQc_TypeA_Standard_WeaponOnly_Green.png
START Hero_12_xQc_TypeA_BeachGoer_BodyOnly_Green.png seed=932650
DONE Hero_12_xQc_TypeA_Standard_WeaponOnly_Green.png
START Hero_12_xQc_TypeA_BeachGoer_BodyOnly_Green.png seed=932650
DONE Hero_12_xQc_TypeA_BeachGoer_BodyOnly_Green.png
START Hero_12_xQc_TypeA_BeachGoer_WeaponOnly_Green.png seed=526054
DONE Hero_12_xQc_TypeA_BeachGoer_BodyOnly_Green.png
START Hero_12_xQc_TypeA_BeachGoer_WeaponOnly_Green.png seed=526054
DONE Hero_12_xQc_TypeA_BeachGoer_WeaponOnly_Green.png
START Hero_13_Moist_TypeA_Standard_BodyOnly_Green.png seed=55389
DONE Hero_12_xQc_TypeA_BeachGoer_WeaponOnly_Green.png
START Hero_13_Moist_TypeA_Standard_BodyOnly_Green.png seed=55389
DONE Hero_13_Moist_TypeA_Standard_BodyOnly_Green.png
START Hero_13_Moist_TypeA_Standard_HeadOnly_Green.png seed=260001
DONE Hero_13_Moist_TypeA_Standard_BodyOnly_Green.png
START Hero_13_Moist_TypeA_Standard_HeadOnly_Green.png seed=260001
DONE Hero_13_Moist_TypeA_Standard_HeadOnly_Green.png
START Hero_13_Moist_TypeA_Standard_WeaponOnly_Green.png seed=188825
DONE Hero_13_Moist_TypeA_Standard_HeadOnly_Green.png
START Hero_13_Moist_TypeA_Standard_WeaponOnly_Green.png seed=188825
DONE Hero_13_Moist_TypeA_Standard_WeaponOnly_Green.png
START Hero_13_Moist_TypeA_BeachGoer_BodyOnly_Green.png seed=866731
DONE Hero_13_Moist_TypeA_Standard_WeaponOnly_Green.png
START Hero_13_Moist_TypeA_BeachGoer_BodyOnly_Green.png seed=866731
DONE Hero_13_Moist_TypeA_BeachGoer_BodyOnly_Green.png
START Hero_13_Moist_TypeA_BeachGoer_WeaponOnly_Green.png seed=740263
DONE Hero_13_Moist_TypeA_BeachGoer_BodyOnly_Green.png
START Hero_13_Moist_TypeA_BeachGoer_WeaponOnly_Green.png seed=740263
DONE Hero_13_Moist_TypeA_BeachGoer_WeaponOnly_Green.png
START Hero_14_North_TypeA_Standard_BodyOnly_Green.png seed=677918
DONE Hero_13_Moist_TypeA_BeachGoer_WeaponOnly_Green.png
START Hero_14_North_TypeA_Standard_BodyOnly_Green.png seed=677918
DONE Hero_14_North_TypeA_Standard_BodyOnly_Green.png
START Hero_14_North_TypeA_Standard_HeadOnly_Green.png seed=882530
DONE Hero_14_North_TypeA_Standard_BodyOnly_Green.png
START Hero_14_North_TypeA_Standard_HeadOnly_Green.png seed=882530
DONE Hero_14_North_TypeA_Standard_HeadOnly_Green.png
START Hero_14_North_TypeA_Standard_WeaponOnly_Green.png seed=122906
DONE Hero_14_North_TypeA_Standard_HeadOnly_Green.png
START Hero_14_North_TypeA_Standard_WeaponOnly_Green.png seed=122906
DONE Hero_14_North_TypeA_Standard_WeaponOnly_Green.png
START Hero_14_North_TypeA_BeachGoer_BodyOnly_Green.png seed=800812
DONE Hero_14_North_TypeA_Standard_WeaponOnly_Green.png
START Hero_14_North_TypeA_BeachGoer_BodyOnly_Green.png seed=800812
DONE Hero_14_North_TypeA_BeachGoer_BodyOnly_Green.png
START Hero_14_North_TypeA_BeachGoer_WeaponOnly_Green.png seed=954472
DONE Hero_14_North_TypeA_BeachGoer_BodyOnly_Green.png
START Hero_14_North_TypeA_BeachGoer_WeaponOnly_Green.png seed=954472
DONE Hero_14_North_TypeA_BeachGoer_WeaponOnly_Green.png
START Hero_15_Asmon_TypeA_Standard_BodyOnly_Green.png seed=300447
DONE Hero_14_North_TypeA_BeachGoer_WeaponOnly_Green.png
START Hero_15_Asmon_TypeA_Standard_BodyOnly_Green.png seed=300447
DONE Hero_15_Asmon_TypeA_Standard_BodyOnly_Green.png
START Hero_15_Asmon_TypeA_Standard_HeadOnly_Green.png seed=505059
DONE Hero_15_Asmon_TypeA_Standard_BodyOnly_Green.png
START Hero_15_Asmon_TypeA_Standard_HeadOnly_Green.png seed=505059
DONE Hero_15_Asmon_TypeA_Standard_HeadOnly_Green.png
START Hero_15_Asmon_TypeA_Standard_WeaponOnly_Green.png seed=56987
DONE Hero_15_Asmon_TypeA_Standard_HeadOnly_Green.png
START Hero_15_Asmon_TypeA_Standard_WeaponOnly_Green.png seed=56987
DONE Hero_15_Asmon_TypeA_Standard_WeaponOnly_Green.png
START Hero_15_Asmon_TypeA_BeachGoer_BodyOnly_Green.png seed=734893
DONE Hero_15_Asmon_TypeA_Standard_WeaponOnly_Green.png
START Hero_15_Asmon_TypeA_BeachGoer_BodyOnly_Green.png seed=734893
DONE Hero_15_Asmon_TypeA_BeachGoer_BodyOnly_Green.png
START Hero_15_Asmon_TypeA_BeachGoer_WeaponOnly_Green.png seed=168681
DONE Hero_15_Asmon_TypeA_BeachGoer_BodyOnly_Green.png
START Hero_15_Asmon_TypeA_BeachGoer_WeaponOnly_Green.png seed=168681
DONE Hero_15_Asmon_TypeA_BeachGoer_WeaponOnly_Green.png
DONE Hero_15_Asmon_TypeA_BeachGoer_WeaponOnly_Green.png
START Hero_7_Robo_TypeA_BeachGoer_BodyOnly_Green.png seed=766494
DONE Hero_7_Robo_TypeA_BeachGoer_BodyOnly_Green.png
START Hero_7_Robo_TypeA_BeachGoer_WeaponOnly_Green.png seed=582170
DONE Hero_7_Robo_TypeA_BeachGoer_WeaponOnly_Green.png
START Hero_8_Billy_TypeA_Standard_BodyOnly_Green.png seed=359185
DONE Hero_8_Billy_TypeA_Standard_BodyOnly_Green.png
START Hero_8_Billy_TypeA_Standard_HeadOnly_Green.png seed=563797
DONE Hero_8_Billy_TypeA_Standard_HeadOnly_Green.png
START Hero_8_Billy_TypeA_Standard_WeaponOnly_Green.png seed=22669
DONE Hero_8_Billy_TypeA_Standard_WeaponOnly_Green.png
START Hero_8_Billy_TypeA_BeachGoer_BodyOnly_Green.png seed=700575
DONE Hero_8_Billy_TypeA_BeachGoer_BodyOnly_Green.png
START Hero_8_Billy_TypeA_BeachGoer_WeaponOnly_Green.png seed=796379
DONE Hero_8_Billy_TypeA_BeachGoer_WeaponOnly_Green.png
START Hero_9_Rabbit_TypeA_Standard_BodyOnly_Green.png seed=981714
DONE Hero_9_Rabbit_TypeA_Standard_BodyOnly_Green.png
START Hero_9_Rabbit_TypeA_Standard_HeadOnly_Green.png seed=186326
DONE Hero_9_Rabbit_TypeA_Standard_HeadOnly_Green.png
START Hero_9_Rabbit_TypeA_Standard_WeaponOnly_Green.png seed=956750
DONE Hero_9_Rabbit_TypeA_Standard_WeaponOnly_Green.png
START Hero_9_Rabbit_TypeA_BeachGoer_BodyOnly_Green.png seed=634656
DONE Hero_9_Rabbit_TypeA_BeachGoer_BodyOnly_Green.png
START Hero_9_Rabbit_TypeA_BeachGoer_WeaponOnly_Green.png seed=10588
DONE Hero_9_Rabbit_TypeA_BeachGoer_WeaponOnly_Green.png
START Hero_11_Shroud_TypeA_Standard_BodyOnly_Green.png seed=810331
DONE Hero_11_Shroud_TypeA_Standard_BodyOnly_Green.png
START Hero_11_Shroud_TypeA_Standard_HeadOnly_Green.png seed=14943
DONE Hero_11_Shroud_TypeA_Standard_HeadOnly_Green.png
START Hero_11_Shroud_TypeA_Standard_WeaponOnly_Green.png seed=320663
DONE Hero_11_Shroud_TypeA_Standard_WeaponOnly_Green.png
START Hero_11_Shroud_TypeA_BeachGoer_BodyOnly_Green.png seed=998569
DONE Hero_11_Shroud_TypeA_BeachGoer_BodyOnly_Green.png
START Hero_11_Shroud_TypeA_BeachGoer_WeaponOnly_Green.png seed=311845
DONE Hero_11_Shroud_TypeA_BeachGoer_WeaponOnly_Green.png
START Hero_12_xQc_TypeA_Standard_BodyOnly_Green.png seed=432860
DONE Hero_12_xQc_TypeA_Standard_BodyOnly_Green.png
START Hero_12_xQc_TypeA_Standard_HeadOnly_Green.png seed=637472
DONE Hero_12_xQc_TypeA_Standard_HeadOnly_Green.png
START Hero_12_xQc_TypeA_Standard_WeaponOnly_Green.png seed=254744
DONE Hero_12_xQc_TypeA_Standard_WeaponOnly_Green.png
START Hero_12_xQc_TypeA_BeachGoer_BodyOnly_Green.png seed=932650
DONE Hero_12_xQc_TypeA_BeachGoer_BodyOnly_Green.png
START Hero_12_xQc_TypeA_BeachGoer_WeaponOnly_Green.png seed=526054
DONE Hero_12_xQc_TypeA_BeachGoer_WeaponOnly_Green.png
START Hero_13_Moist_TypeA_Standard_BodyOnly_Green.png seed=55389
DONE Hero_13_Moist_TypeA_Standard_BodyOnly_Green.png
START Hero_13_Moist_TypeA_Standard_HeadOnly_Green.png seed=260001
DONE Hero_13_Moist_TypeA_Standard_HeadOnly_Green.png
START Hero_13_Moist_TypeA_Standard_WeaponOnly_Green.png seed=188825
DONE Hero_13_Moist_TypeA_Standard_WeaponOnly_Green.png
START Hero_13_Moist_TypeA_BeachGoer_BodyOnly_Green.png seed=866731
DONE Hero_13_Moist_TypeA_BeachGoer_BodyOnly_Green.png
START Hero_13_Moist_TypeA_BeachGoer_WeaponOnly_Green.png seed=740263
DONE Hero_13_Moist_TypeA_BeachGoer_WeaponOnly_Green.png
START Hero_14_North_TypeA_Standard_BodyOnly_Green.png seed=677918
DONE Hero_14_North_TypeA_Standard_BodyOnly_Green.png
START Hero_14_North_TypeA_Standard_HeadOnly_Green.png seed=882530
DONE Hero_14_North_TypeA_Standard_HeadOnly_Green.png
START Hero_14_North_TypeA_Standard_WeaponOnly_Green.png seed=122906
DONE Hero_14_North_TypeA_Standard_WeaponOnly_Green.png
START Hero_14_North_TypeA_BeachGoer_BodyOnly_Green.png seed=800812
DONE Hero_14_North_TypeA_BeachGoer_BodyOnly_Green.png
START Hero_14_North_TypeA_BeachGoer_WeaponOnly_Green.png seed=954472
DONE Hero_14_North_TypeA_BeachGoer_WeaponOnly_Green.png
START Hero_15_Asmon_TypeA_Standard_BodyOnly_Green.png seed=300447
DONE Hero_15_Asmon_TypeA_Standard_BodyOnly_Green.png
START Hero_15_Asmon_TypeA_Standard_HeadOnly_Green.png seed=505059
DONE Hero_15_Asmon_TypeA_Standard_HeadOnly_Green.png
START Hero_15_Asmon_TypeA_Standard_WeaponOnly_Green.png seed=56987
DONE Hero_15_Asmon_TypeA_Standard_WeaponOnly_Green.png
START Hero_15_Asmon_TypeA_BeachGoer_BodyOnly_Green.png seed=734893
DONE Hero_15_Asmon_TypeA_BeachGoer_BodyOnly_Green.png
START Hero_15_Asmon_TypeA_BeachGoer_WeaponOnly_Green.png seed=168681
DONE Hero_15_Asmon_TypeA_BeachGoer_WeaponOnly_Green.png
